# JRE version: OpenJDK Runtime Environment (23.0.2+7) (build 23.0.2+7-58)
# Java VM: OpenJDK 64-Bit Server VM (23.0.2+7-58, mixed mode, sharing, tiered, compressed oops, compressed class ptrs, g1 gc, windows-amd64)
GC Precious Log:
 CardTable entry size: 512
 Card Set container configuration: InlinePtr #cards 4 size 8 Array Of Cards #cards 32 size 80 Howl #buckets 8 coarsen threshold 7372 Howl Bitmap #cards 1024 size 144 coarsen threshold 921 Card regions per heap region 1 cards per card region 8192
 CPUs: 16 total, 16 available
 Memory: 31860M
 Large Page Support: Disabled
 NUMA Support: Disabled
 Compressed Oops: Enabled (Zero based)
 Heap Region Size: 4M
 Heap Min Capacity: 8M
 Heap Initial Capacity: 500M
 Heap Max Capacity: 7968M
 Pre-touch: Disabled
 Parallel Workers: 13
 Concurrent Workers: 3
 Concurrent Refinement Workers: 13
 Periodic GC: Disabled
Heap:
 garbage-first heap   total reserved 8159232K, committed 204800K, used 62605K [0x000000060e000000, 0x0000000800000000)
  region size 4096K, 2 young (8192K), 2 survivors (8192K)
 Metaspace       used 14741K, committed 15040K, reserved 1114112K
  class space    used 1644K, committed 1792K, reserved 1048576K
GC Heap History (20 events):
Event: 4.206 GC heap after
{Heap after GC invocations=112 (full 109):
 garbage-first heap   total reserved 8159232K, committed 122880K, used 47009K [0x000000060e000000, 0x0000000800000000)
  region size 4096K, 0 young (0K), 0 survivors (0K)
 Metaspace       used 14710K, committed 15040K, reserved 1114112K
  class space    used 1644K, committed 1792K, reserved 1048576K
}
Event: 4.219 GC heap before
{Heap before GC invocations=112 (full 109):
 garbage-first heap   total reserved 8159232K, committed 122880K, used 83873K [0x000000060e000000, 0x0000000800000000)
  region size 4096K, 9 young (36864K), 0 survivors (0K)
 Metaspace       used 14711K, committed 15040K, reserved 1114112K
  class space    used 1644K, committed 1792K, reserved 1048576K
}
Event: 4.220 GC heap after
{Heap after GC invocations=113 (full 109):
 garbage-first heap   total reserved 8159232K, committed 122880K, used 47492K [0x000000060e000000, 0x0000000800000000)
  region size 4096K, 1 young (4096K), 1 survivors (4096K)
 Metaspace       used 14711K, committed 15040K, reserved 1114112K
  class space    used 1644K, committed 1792K, reserved 1048576K
}
Event: 4.227 GC heap before
{Heap before GC invocations=113 (full 109):
 garbage-first heap   total reserved 8159232K, committed 122880K, used 63876K [0x000000060e000000, 0x0000000800000000)
  region size 4096K, 6 young (24576K), 1 survivors (4096K)
 Metaspace       used 14712K, committed 15040K, reserved 1114112K
  class space    used 1644K, committed 1792K, reserved 1048576K
}
Event: 4.228 GC heap after
{Heap after GC invocations=114 (full 109):
 garbage-first heap   total reserved 8159232K, committed 319488K, used 47147K [0x000000060e000000, 0x0000000800000000)
  region size 4096K, 1 young (4096K), 1 survivors (4096K)
 Metaspace       used 14712K, committed 15040K, reserved 1114112K
  class space    used 1644K, committed 1792K, reserved 1048576K
}
Event: 4.281 GC heap before
{Heap before GC invocations=114 (full 109):
 garbage-first heap   total reserved 8159232K, committed 319488K, used 133163K [0x000000060e000000, 0x0000000800000000)
  region size 4096K, 22 young (90112K), 1 survivors (4096K)
 Metaspace       used 14729K, committed 15040K, reserved 1114112K
  class space    used 1644K, committed 1792K, reserved 1048576K
}
Event: 4.286 GC heap after
{Heap after GC invocations=115 (full 110):
 garbage-first heap   total reserved 8159232K, committed 221184K, used 54112K [0x000000060e000000, 0x0000000800000000)
  region size 4096K, 0 young (0K), 0 survivors (0K)
 Metaspace       used 14729K, committed 15040K, reserved 1114112K
  class space    used 1644K, committed 1792K, reserved 1048576K
}
Event: 4.346 GC heap before
{Heap before GC invocations=115 (full 110):
 garbage-first heap   total reserved 8159232K, committed 221184K, used 156512K [0x000000060e000000, 0x0000000800000000)
  region size 4096K, 24 young (98304K), 0 survivors (0K)
 Metaspace       used 14740K, committed 15040K, reserved 1114112K
  class space    used 1644K, committed 1792K, reserved 1048576K
}
Event: 4.346 GC heap after
{Heap after GC invocations=116 (full 110):
 garbage-first heap   total reserved 8159232K, committed 221184K, used 62091K [0x000000060e000000, 0x0000000800000000)
  region size 4096K, 1 young (4096K), 1 survivors (4096K)
 Metaspace       used 14740K, committed 15040K, reserved 1114112K
  class space    used 1644K, committed 1792K, reserved 1048576K
}
Event: 4.358 GC heap before
{Heap before GC invocations=116 (full 110):
 garbage-first heap   total reserved 8159232K, committed 221184K, used 98955K [0x000000060e000000, 0x0000000800000000)
  region size 4096K, 11 young (45056K), 1 survivors (4096K)
 Metaspace       used 14740K, committed 15040K, reserved 1114112K
  class space    used 1644K, committed 1792K, reserved 1048576K
}
Event: 4.363 GC heap after
{Heap after GC invocations=117 (full 111):
 garbage-first heap   total reserved 8159232K, committed 204800K, used 54270K [0x000000060e000000, 0x0000000800000000)
  region size 4096K, 0 young (0K), 0 survivors (0K)
 Metaspace       used 14740K, committed 15040K, reserved 1114112K
  class space    used 1644K, committed 1792K, reserved 1048576K
}
Event: 4.409 GC heap before
{Heap before GC invocations=117 (full 111):
 garbage-first heap   total reserved 8159232K, committed 204800K, used 136190K [0x000000060e000000, 0x0000000800000000)
  region size 4096K, 19 young (77824K), 0 survivors (0K)
 Metaspace       used 14741K, committed 15040K, reserved 1114112K
  class space    used 1644K, committed 1792K, reserved 1048576K
}
Event: 4.409 GC heap after
{Heap after GC invocations=118 (full 111):
 garbage-first heap   total reserved 8159232K, committed 204800K, used 62391K [0x000000060e000000, 0x0000000800000000)
  region size 4096K, 1 young (4096K), 1 survivors (4096K)
 Metaspace       used 14741K, committed 15040K, reserved 1114112K
  class space    used 1644K, committed 1792K, reserved 1048576K
}
Event: 4.419 GC heap before
{Heap before GC invocations=118 (full 111):
 garbage-first heap   total reserved 8159232K, committed 204800K, used 99255K [0x000000060e000000, 0x0000000800000000)
  region size 4096K, 11 young (45056K), 1 survivors (4096K)
 Metaspace       used 14741K, committed 15040K, reserved 1114112K
  class space    used 1644K, committed 1792K, reserved 1048576K
}
Event: 4.424 GC heap after
{Heap after GC invocations=119 (full 112):
 garbage-first heap   total reserved 8159232K, committed 204800K, used 54274K [0x000000060e000000, 0x0000000800000000)
  region size 4096K, 0 young (0K), 0 survivors (0K)
 Metaspace       used 14741K, committed 15040K, reserved 1114112K
  class space    used 1644K, committed 1792K, reserved 1048576K
}
Event: 4.468 GC heap before
{Heap before GC invocations=119 (full 112):
 garbage-first heap   total reserved 8159232K, committed 204800K, used 148482K [0x000000060e000000, 0x0000000800000000)
  region size 4096K, 22 young (90112K), 0 survivors (0K)
 Metaspace       used 14741K, committed 15040K, reserved 1114112K
  class space    used 1644K, committed 1792K, reserved 1048576K
}
Event: 4.469 GC heap after
{Heap after GC invocations=120 (full 112):
 garbage-first heap   total reserved 8159232K, committed 204800K, used 62524K [0x000000060e000000, 0x0000000800000000)
  region size 4096K, 2 young (8192K), 2 survivors (8192K)
 Metaspace       used 14741K, committed 15040K, reserved 1114112K
  class space    used 1644K, committed 1792K, reserved 1048576K
}
Event: 4.475 GC heap before
{Heap before GC invocations=120 (full 112):
 garbage-first heap   total reserved 8159232K, committed 204800K, used 83004K [0x000000060e000000, 0x0000000800000000)
  region size 4096K, 8 young (32768K), 2 survivors (8192K)
 Metaspace       used 14741K, committed 15040K, reserved 1114112K
  class space    used 1644K, committed 1792K, reserved 1048576K
}
Event: 4.479 GC heap after
{Heap after GC invocations=121 (full 113):
 garbage-first heap   total reserved 8159232K, committed 204800K, used 54274K [0x000000060e000000, 0x0000000800000000)
  region size 4096K, 0 young (0K), 0 survivors (0K)
 Metaspace       used 14741K, committed 15040K, reserved 1114112K
  class space    used 1644K, committed 1792K, reserved 1048576K
}
Event: 4.525 GC heap before
{Heap before GC invocations=121 (full 113):
 garbage-first heap   total reserved 8159232K, committed 204800K, used 152578K [0x000000060e000000, 0x0000000800000000)
  region size 4096K, 23 young (94208K), 0 survivors (0K)
 Metaspace       used 14741K, committed 15040K, reserved 1114112K
  class space    used 1644K, committed 1792K, reserved 1048576K
}

